<?xml version="1.0" encoding="UTF-8"?>
<!-- Generated by org.testng.reporters.JUnitXMLReporter -->
<testsuite hostname="Anjalipc" ignored="0" name="Free CRM App Test Cases" tests="3" failures="0" timestamp="16 Jul 2019 14:51:49 GMT" time="32.407" errors="0">
  <testcase name="loginPageTitleTest" time="0.692" classname="com.crm.qa.testcases.LoginPageTest"/>
  <testcase name="crmLogoImageTest" time="0.006" classname="com.crm.qa.testcases.LoginPageTest"/>
  <testcase name="loginTest" time="0.001" classname="com.crm.qa.testcases.LoginPageTest"/>
</testsuite> <!-- Free CRM App Test Cases -->
