<?xml version="1.0" encoding="UTF-8"?>
<!-- Generated by org.testng.reporters.JUnitXMLReporter -->
<testsuite hostname="Anjalipc" ignored="0" name="Default test" tests="2" failures="0" timestamp="16 Jul 2019 21:38:53 GMT" time="23.574" errors="0">
  <testcase name="Testcase1_searchProduct" time="10.509" classname="com.crm.qa.testcases.SearchIteamTest"/>
  <testcase name="Testcase2_verify_productaddedToCart" time="0.323" classname="com.crm.qa.testcases.SearchIteamTest"/>
</testsuite> <!-- Default test -->
