<?xml version="1.0" encoding="UTF-8"?>
<!-- Generated by org.testng.reporters.JUnitXMLReporter -->
<testsuite hostname="Anjalipc" ignored="1" name="Flipcart Test App Test Cases" tests="5" failures="0" timestamp="29 Jul 2019 14:17:24 GMT" time="56.326" errors="0">
  <testcase name="Testcase1_loginPageTitleTest" time="0.923" classname="com.crm.qa.testcases.LoginPageTest"/>
  <testcase name="Testcase2_verifyHomePageTitleTest" time="0.024" classname="com.crm.qa.testcases.HomePageTest"/>
  <testcase name="Testcase4_searchProduct" time="14.849" classname="com.crm.qa.testcases.SearchIteamTest"/>
  <testcase name="Testcase5_verifyLogoutPageElement" time="2.143" classname="com.crm.qa.testcases.LogoutPageTest"/>
  <testcase name="Testcase3_verifyHompUserName" time="0.106" classname="com.crm.qa.testcases.HomePageTest"/>
  <testcase name="Testcase5_verify_productaddedToCart" time="0.0" classname="com.crm.qa.testcases.SearchIteamTest">
    <ignored/>
  </testcase> <!-- Testcase5_verify_productaddedToCart -->
</testsuite> <!-- Flipcart Test App Test Cases -->
