<?xml version="1.0" encoding="UTF-8"?>
<testng-results skipped="0" failed="0" ignored="1" total="6" passed="5">
  <reporter-output>
  </reporter-output>
  <suite name="Flipcart Application Test Automation Test Suite" duration-ms="56326" started-at="2019-07-29T14:16:28Z" finished-at="2019-07-29T14:17:24Z">
    <groups>
    </groups>
    <test name="Flipcart Test App Test Cases" duration-ms="56326" started-at="2019-07-29T14:16:28Z" finished-at="2019-07-29T14:17:24Z">
      <class name="com.crm.qa.testcases.LogoutPageTest">
        <test-method status="PASS" signature="setUp()[pri:0, instance:com.crm.qa.testcases.LogoutPageTest@17fd0e6]" name="setUp" is-config="true" duration-ms="1" started-at="2019-07-29T19:47:21Z" finished-at="2019-07-29T19:47:21Z">
          <reporter-output>
          </reporter-output>
        </test-method> <!-- setUp -->
        <test-method status="PASS" signature="Testcase5_verifyLogoutPageElement()[pri:1, instance:com.crm.qa.testcases.LogoutPageTest@17fd0e6]" name="Testcase5_verifyLogoutPageElement" duration-ms="2143" started-at="2019-07-29T19:47:21Z" finished-at="2019-07-29T19:47:23Z">
          <reporter-output>
          </reporter-output>
        </test-method> <!-- Testcase5_verifyLogoutPageElement -->
      </class> <!-- com.crm.qa.testcases.LogoutPageTest -->
      <class name="com.crm.qa.testcases.HomePageTest">
        <test-method status="PASS" signature="setUp()[pri:0, instance:com.crm.qa.testcases.HomePageTest@19f99ea]" name="setUp" is-config="true" duration-ms="10746" started-at="2019-07-29T19:46:44Z" finished-at="2019-07-29T19:46:55Z">
          <reporter-output>
          </reporter-output>
        </test-method> <!-- setUp -->
        <test-method status="PASS" signature="Testcase2_verifyHomePageTitleTest()[pri:1, instance:com.crm.qa.testcases.HomePageTest@19f99ea]" name="Testcase2_verifyHomePageTitleTest" duration-ms="24" started-at="2019-07-29T19:46:55Z" finished-at="2019-07-29T19:46:55Z">
          <reporter-output>
          </reporter-output>
        </test-method> <!-- Testcase2_verifyHomePageTitleTest -->
        <test-method status="PASS" signature="Testcase3_verifyHompUserName()[pri:2, instance:com.crm.qa.testcases.HomePageTest@19f99ea]" name="Testcase3_verifyHompUserName" duration-ms="106" started-at="2019-07-29T19:47:23Z" finished-at="2019-07-29T19:47:23Z">
          <reporter-output>
          </reporter-output>
        </test-method> <!-- Testcase3_verifyHompUserName -->
        <test-method status="PASS" signature="tearDown()[pri:0, instance:com.crm.qa.testcases.HomePageTest@19f99ea]" name="tearDown" is-config="true" duration-ms="934" started-at="2019-07-29T19:47:23Z" finished-at="2019-07-29T19:47:24Z">
          <reporter-output>
          </reporter-output>
        </test-method> <!-- tearDown -->
      </class> <!-- com.crm.qa.testcases.HomePageTest -->
      <class name="com.crm.qa.testcases.SearchIteamTest">
        <test-method status="PASS" signature="setUp()[pri:0, instance:com.crm.qa.testcases.SearchIteamTest@1efef64]" name="setUp" is-config="true" duration-ms="10752" started-at="2019-07-29T19:46:55Z" finished-at="2019-07-29T19:47:06Z">
          <reporter-output>
          </reporter-output>
        </test-method> <!-- setUp -->
        <test-method status="PASS" signature="Testcase4_searchProduct()[pri:1, instance:com.crm.qa.testcases.SearchIteamTest@1efef64]" name="Testcase4_searchProduct" duration-ms="14849" started-at="2019-07-29T19:47:06Z" finished-at="2019-07-29T19:47:21Z">
          <reporter-output>
          </reporter-output>
        </test-method> <!-- Testcase4_searchProduct -->
        <test-method status="PASS" signature="tearDown()[pri:0, instance:com.crm.qa.testcases.SearchIteamTest@1efef64]" name="tearDown" is-config="true" duration-ms="666" started-at="2019-07-29T19:47:21Z" finished-at="2019-07-29T19:47:21Z">
          <reporter-output>
          </reporter-output>
        </test-method> <!-- tearDown -->
      </class> <!-- com.crm.qa.testcases.SearchIteamTest -->
      <class name="com.crm.qa.testcases.LoginPageTest">
        <test-method status="PASS" signature="setUp()[pri:0, instance:com.crm.qa.testcases.LoginPageTest@e45eb6]" name="setUp" is-config="true" duration-ms="10575" started-at="2019-07-29T19:46:28Z" finished-at="2019-07-29T19:46:39Z">
          <reporter-output>
          </reporter-output>
        </test-method> <!-- setUp -->
        <test-method status="PASS" signature="Testcase1_loginPageTitleTest()[pri:1, instance:com.crm.qa.testcases.LoginPageTest@e45eb6]" name="Testcase1_loginPageTitleTest" duration-ms="923" started-at="2019-07-29T19:46:39Z" finished-at="2019-07-29T19:46:40Z">
          <reporter-output>
          </reporter-output>
        </test-method> <!-- Testcase1_loginPageTitleTest -->
        <test-method status="PASS" signature="tearDown()[pri:0, instance:com.crm.qa.testcases.LoginPageTest@e45eb6]" name="tearDown" is-config="true" duration-ms="4560" started-at="2019-07-29T19:46:40Z" finished-at="2019-07-29T19:46:44Z">
          <reporter-output>
          </reporter-output>
        </test-method> <!-- tearDown -->
      </class> <!-- com.crm.qa.testcases.LoginPageTest -->
    </test> <!-- Flipcart Test App Test Cases -->
  </suite> <!-- Flipcart Application Test Automation Test Suite -->
</testng-results>
