<?xml version="1.0" encoding="UTF-8"?>
<testng-results skipped="0" failed="0" ignored="1" total="5" passed="4">
  <reporter-output>
  </reporter-output>
  <suite name="Flipcart Application Test Automation Test Suite" duration-ms="55562" started-at="2019-07-17T05:38:55Z" finished-at="2019-07-17T05:39:50Z">
    <groups>
    </groups>
    <test name="Flipcart Test App Test Cases" duration-ms="55562" started-at="2019-07-17T05:38:55Z" finished-at="2019-07-17T05:39:50Z">
      <class name="com.crm.qa.testcases.HomePageTest">
        <test-method status="PASS" signature="setUp()[pri:0, instance:com.crm.qa.testcases.HomePageTest@e45eb6]" name="setUp" is-config="true" duration-ms="11605" started-at="2019-07-17T11:09:10Z" finished-at="2019-07-17T11:09:22Z">
          <reporter-output>
          </reporter-output>
        </test-method> <!-- setUp -->
        <test-method status="PASS" signature="Testcase2_verifyHomePageTitleTest()[pri:1, instance:com.crm.qa.testcases.HomePageTest@e45eb6]" name="Testcase2_verifyHomePageTitleTest" duration-ms="29" started-at="2019-07-17T11:09:22Z" finished-at="2019-07-17T11:09:22Z">
          <reporter-output>
          </reporter-output>
        </test-method> <!-- Testcase2_verifyHomePageTitleTest -->
        <test-method status="PASS" signature="Testcase3_verifyHompUserName()[pri:2, instance:com.crm.qa.testcases.HomePageTest@e45eb6]" name="Testcase3_verifyHompUserName" duration-ms="109" started-at="2019-07-17T11:09:50Z" finished-at="2019-07-17T11:09:50Z">
          <reporter-output>
          </reporter-output>
        </test-method> <!-- Testcase3_verifyHompUserName -->
        <test-method status="FAIL" signature="tearDown()[pri:0, instance:com.crm.qa.testcases.HomePageTest@e45eb6]" name="tearDown" is-config="true" duration-ms="16" started-at="2019-07-17T11:09:50Z" finished-at="2019-07-17T11:09:50Z">
          <exception class="org.openqa.selenium.NoSuchSessionException">
            <message>
              <![CDATA[Session ID is null. Using WebDriver after calling quit()?
Build info: version: '3.14.0', revision: 'aacccce0', time: '2018-08-02T20:19:58.91Z'
System info: host: 'ANJALIPC', ip: '192.168.0.2', os.name: 'Windows 8.1', os.arch: 'x86', os.version: '6.3', java.version: '1.8.0_211'
Driver info: driver.version: RemoteWebDriver]]>
            </message>
            <full-stacktrace>
              <![CDATA[org.openqa.selenium.NoSuchSessionException: Session ID is null. Using WebDriver after calling quit()?
Build info: version: '3.14.0', revision: 'aacccce0', time: '2018-08-02T20:19:58.91Z'
System info: host: 'ANJALIPC', ip: '192.168.0.2', os.name: 'Windows 8.1', os.arch: 'x86', os.version: '6.3', java.version: '1.8.0_211'
Driver info: driver.version: RemoteWebDriver
	at org.openqa.selenium.remote.HttpCommandExecutor.execute(HttpCommandExecutor.java:125)
	at org.openqa.selenium.remote.service.DriverCommandExecutor.execute(DriverCommandExecutor.java:83)
	at org.openqa.selenium.remote.RemoteWebDriver.execute(RemoteWebDriver.java:548)
	at org.openqa.selenium.remote.RemoteWebDriver.findElement(RemoteWebDriver.java:322)
	at org.openqa.selenium.remote.RemoteWebDriver.findElementByXPath(RemoteWebDriver.java:424)
	at org.openqa.selenium.By$ByXPath.findElement(By.java:353)
	at org.openqa.selenium.remote.RemoteWebDriver.findElement(RemoteWebDriver.java:314)
	at com.crm.qa.base.TestBase.logout(TestBase.java:73)
	at com.crm.qa.testcases.HomePageTest.tearDown(HomePageTest.java:58)
	at sun.reflect.NativeMethodAccessorImpl.invoke0(Native Method)
	at sun.reflect.NativeMethodAccessorImpl.invoke(NativeMethodAccessorImpl.java:62)
	at sun.reflect.DelegatingMethodAccessorImpl.invoke(DelegatingMethodAccessorImpl.java:43)
	at java.lang.reflect.Method.invoke(Method.java:498)
	at org.testng.internal.MethodInvocationHelper.invokeMethod(MethodInvocationHelper.java:108)
	at org.testng.internal.Invoker.invokeConfigurationMethod(Invoker.java:523)
	at org.testng.internal.Invoker.invokeConfigurations(Invoker.java:224)
	at org.testng.internal.Invoker.invokeConfigurations(Invoker.java:146)
	at org.testng.internal.TestMethodWorker.invokeAfterClassMethods(TestMethodWorker.java:212)
	at org.testng.internal.TestMethodWorker.run(TestMethodWorker.java:112)
	at org.testng.TestRunner.privateRun(TestRunner.java:744)
	at org.testng.TestRunner.run(TestRunner.java:602)
	at org.testng.SuiteRunner.runTest(SuiteRunner.java:380)
	at org.testng.SuiteRunner.runSequentially(SuiteRunner.java:375)
	at org.testng.SuiteRunner.privateRun(SuiteRunner.java:340)
	at org.testng.SuiteRunner.run(SuiteRunner.java:289)
	at org.testng.SuiteRunnerWorker.runSuite(SuiteRunnerWorker.java:52)
	at org.testng.SuiteRunnerWorker.run(SuiteRunnerWorker.java:86)
	at org.testng.TestNG.runSuitesSequentially(TestNG.java:1301)
	at org.testng.TestNG.runSuitesLocally(TestNG.java:1226)
	at org.testng.TestNG.runSuites(TestNG.java:1144)
	at org.testng.TestNG.run(TestNG.java:1115)
	at org.testng.remote.AbstractRemoteTestNG.run(AbstractRemoteTestNG.java:126)
	at org.testng.remote.RemoteTestNG.initAndRun(RemoteTestNG.java:152)
	at org.testng.remote.RemoteTestNG.main(RemoteTestNG.java:57)
]]>
            </full-stacktrace>
          </exception> <!-- org.openqa.selenium.NoSuchSessionException -->
          <reporter-output>
          </reporter-output>
        </test-method> <!-- tearDown -->
      </class> <!-- com.crm.qa.testcases.HomePageTest -->
      <class name="com.crm.qa.testcases.SearchIteamTest">
        <test-method status="PASS" signature="setUp()[pri:0, instance:com.crm.qa.testcases.SearchIteamTest@19f99ea]" name="setUp" is-config="true" duration-ms="11105" started-at="2019-07-17T11:09:22Z" finished-at="2019-07-17T11:09:33Z">
          <reporter-output>
          </reporter-output>
        </test-method> <!-- setUp -->
        <test-method status="PASS" signature="Testcase4_searchProduct()[pri:1, instance:com.crm.qa.testcases.SearchIteamTest@19f99ea]" name="Testcase4_searchProduct" duration-ms="15262" started-at="2019-07-17T11:09:33Z" finished-at="2019-07-17T11:09:48Z">
          <reporter-output>
          </reporter-output>
        </test-method> <!-- Testcase4_searchProduct -->
        <test-method status="PASS" signature="tearDown()[pri:0, instance:com.crm.qa.testcases.SearchIteamTest@19f99ea]" name="tearDown" is-config="true" duration-ms="1844" started-at="2019-07-17T11:09:48Z" finished-at="2019-07-17T11:09:50Z">
          <reporter-output>
          </reporter-output>
        </test-method> <!-- tearDown -->
      </class> <!-- com.crm.qa.testcases.SearchIteamTest -->
      <class name="com.crm.qa.testcases.LoginPageTest">
        <test-method status="PASS" signature="setUp()[pri:0, instance:com.crm.qa.testcases.LoginPageTest@c4039c]" name="setUp" is-config="true" duration-ms="10600" started-at="2019-07-17T11:08:55Z" finished-at="2019-07-17T11:09:05Z">
          <reporter-output>
          </reporter-output>
        </test-method> <!-- setUp -->
        <test-method status="PASS" signature="Testcase1_loginPageTitleTest()[pri:1, instance:com.crm.qa.testcases.LoginPageTest@c4039c]" name="Testcase1_loginPageTitleTest" duration-ms="1053" started-at="2019-07-17T11:09:05Z" finished-at="2019-07-17T11:09:06Z">
          <reporter-output>
          </reporter-output>
        </test-method> <!-- Testcase1_loginPageTitleTest -->
        <test-method status="PASS" signature="tearDown()[pri:0, instance:com.crm.qa.testcases.LoginPageTest@c4039c]" name="tearDown" is-config="true" duration-ms="3891" started-at="2019-07-17T11:09:06Z" finished-at="2019-07-17T11:09:10Z">
          <reporter-output>
          </reporter-output>
        </test-method> <!-- tearDown -->
      </class> <!-- com.crm.qa.testcases.LoginPageTest -->
    </test> <!-- Flipcart Test App Test Cases -->
  </suite> <!-- Flipcart Application Test Automation Test Suite -->
</testng-results>
